<?xml version="1.0" encoding="UTF-8"?>
<!-- Generated by org.testng.reporters.JUnitReportReporter -->
<testsuite skipped="0" hostname="DESKTOP-NH6LQ40" name="QAClickAcademy.RestApiTest" tests="2" failures="0" timestamp="02 Jan 2020 05:38:36 GMT" time="0.001" errors="0">
  <testcase name="postJira" time="0.000" classname="QAClickAcademy.RestApiTest"/>
  <testcase name="deleteTwitter" time="0.001" classname="QAClickAcademy.RestApiTest"/>
</testsuite> <!-- QAClickAcademy.RestApiTest -->
