<?xml version="1.0" encoding="UTF-8"?>
<!-- Generated by org.testng.reporters.JUnitReportReporter -->
<testsuite skipped="0" hostname="DESKTOP-NH6LQ40" name="QAClickAcademy.AppiumTest" tests="2" failures="0" timestamp="02 Jan 2020 05:38:36 GMT" time="0.012" errors="0">
  <testcase name="NativeApp" time="0.001" classname="QAClickAcademy.AppiumTest"/>
  <testcase name="IOSApp" time="0.011" classname="QAClickAcademy.AppiumTest"/>
</testsuite> <!-- QAClickAcademy.AppiumTest -->
