<?xml version="1.0" encoding="UTF-8"?>
<!-- Generated by org.testng.reporters.JUnitReportReporter -->
<testsuite skipped="0" hostname="DESKTOP-NH6LQ40" name="QAClickAcademy.SeleniumTest" tests="2" failures="0" timestamp="02 Jan 2020 05:38:36 GMT" time="0.008" errors="0">
  <testcase name="elementsUi" time="0.007" classname="QAClickAcademy.SeleniumTest"/>
  <testcase name="browserAutomation" time="0.001" classname="QAClickAcademy.SeleniumTest"/>
</testsuite> <!-- QAClickAcademy.SeleniumTest -->
